2021-10-30 22:46:18,035  INFO [main] WebEventListener:23 - -----------------------------------------------
2021-10-30 22:46:18,039  INFO [main] WebEventListener:24 - Application Launched Successfully
2021-10-30 22:46:22,093  INFO [main] AddToCartPage:36 - Sign In button Clicked
2021-10-30 22:46:22,700  INFO [main] AddToCartPage:40 - User Name filled
2021-10-30 22:46:22,943  INFO [main] AddToCartPage:42 - Password filled
2021-10-30 22:46:26,746  INFO [main] AddToCartPage:46 - Submit Button Clicked
2021-10-30 22:46:26,752  INFO [main] HomePage:33 - Successfully Logged into E-Commerce Application
2021-10-30 22:46:43,913  INFO [main] HomePage:82 - Home Button clicked and navigated to Home page
2021-10-30 22:46:44,221  INFO [main] HomePage:86 - Hovered a card displayed
2021-10-30 22:46:50,930  INFO [main] HomePage:91 - add to cart button clicked
2021-10-30 22:46:55,902  INFO [main] HomePage:94 - Clicked on Cart Dropdown Button
2021-10-30 22:46:55,968  INFO [main] HomePage:35 - Successfully verified add one item to cart
2021-10-30 22:46:56,846  INFO [main] HomePage:86 - Browser Terminated
2021-10-30 22:46:56,851  INFO [main] HomePage:87 - -----------------------------------------------
2021-10-30 22:47:28,388  INFO [main] WebEventListener:23 - -----------------------------------------------
2021-10-30 22:47:28,391  INFO [main] WebEventListener:24 - Application Launched Successfully
2021-10-30 22:47:34,569  INFO [main] AddToCartPage:36 - Sign In button Clicked
2021-10-30 22:47:34,968  INFO [main] AddToCartPage:40 - User Name filled
2021-10-30 22:47:35,256  INFO [main] AddToCartPage:42 - Password filled
2021-10-30 22:47:39,135  INFO [main] AddToCartPage:46 - Submit Button Clicked
2021-10-30 22:47:39,141  INFO [main] HomePage:42 - Successfully Logged into E-Commerce Application
2021-10-30 22:47:43,909  INFO [main] HomePage:102 - Home Button clicked and navigated to Home page
2021-10-30 22:47:44,104  INFO [main] HomePage:107 - Hovered a card displayed in Home page
2021-10-30 22:47:44,309  INFO [main] HomePage:110 - add to cart button clicked first item added to cart
2021-10-30 22:47:56,842  INFO [main] HomePage:117 - Hovered a card displayed in Home page
2021-10-30 22:47:57,086  INFO [main] HomePage:119 - add to cart button clicked second item added to cart
2021-10-30 22:48:02,664  INFO [main] HomePage:125 - Hovered a card displayed in Home page
2021-10-30 22:48:02,870  INFO [main] HomePage:127 - add to cart button clicked third item added to cart
2021-10-30 22:48:13,944  INFO [main] HomePage:132 - Clicked on Cart Dropdown Button
2021-10-30 22:48:13,983  INFO [main] HomePage:44 - Successfully verified add many item to cart
2021-10-30 22:48:14,744  INFO [main] HomePage:86 - Browser Terminated
2021-10-30 22:48:14,744  INFO [main] HomePage:87 - -----------------------------------------------
